[3;J[H[2J
RAC CREATION STARTED AT: 17:49:12

################################
######### NETWORKS #############
################################

Network NAT1 already in use or not destroyed & undefined!

################################
######### NFS SERVERS ##########
################################

creating rac1-nfs1

waiting for 
192.168.1.111
to be ready...

################################
######### NODES ################
################################

SimpleHTTPServer started
Creating rac1-node1 (will launch the RAC installation)
Creating rac1-node2

waiting for 
192.168.1.11
192.168.1.12
to be ready...
192.168.1.2 - - [20/Feb/2019 18:12:37] "GET /scriptInstallGRID18c-rac HTTP/1.0" 200 -
192.168.1.2 - - [20/Feb/2019 18:12:37] "GET /scriptInstallDB18c-rac HTTP/1.0" 200 -
192.168.1.2 - - [20/Feb/2019 18:12:37] "GET /sshUserSetup.expect HTTP/1.0" 200 -


*** ------------------------------------ ***
*** --- starting Oracle 18.0.0 setup --- ***
*** ------------------------------------ ***


****** *** downloading GRID software -> /tmp 
192.168.1.11 - - [20/Feb/2019 18:14:10] "GET /LINUX.X64_180000_grid_home.zip HTTP/1.0" 200 -

****** *** downloading GRID response file -> /home/oracle 
192.168.1.11 - - [20/Feb/2019 18:24:27] "GET /grid.rsp HTTP/1.0" 200 -

****** *** extracting GRID software: /tmp/LINUX.X64_180000_grid_home.zip -> /u01/app/18.0.0/grid 
Gdk-Message: 18:26:58.486: virt-viewer: Fatal IO error 11 (Resource temporarily unavailable) on X server localhost:11.0.

Gdk-Message: 18:26:58.493: virt-viewer: Fatal IO error 11 (Resource temporarily unavailable) on X server localhost:11.0.

Gdk-Message: 18:26:58.518: virt-viewer: Fatal IO error 11 (Resource temporarily unavailable) on X server localhost:11.0.

.
waiting for 
rac1-node1
rac1-node2
to be ready...
All nodes are ready!

****** *** checking SSH passwordless 
SSH connectivity successfull between RAC nodes!

****** *** Beginning GRID 18.0.0 installation 
Preparing...                ##################################################
cvuqdisk                    ##################################################
Launching Oracle Grid Infrastructure Setup Wizard...

[WARNING] [INS-41812] OSDBA and OSASM are the same OS group.
   CAUSE: The chosen values for OSDBA group and the chosen value for OSASM group are the same.
   ACTION: Select an OS group that is unique for ASM administrators. The OSASM group should not be the same as the OS groups that grant privileges for Oracle ASM access, or for database administration.
[WARNING] [INS-41874] Oracle ASM Administrator (OSASM) Group specified is same as the inventory group.
   CAUSE: Operating system group oinstall specified for OSASM Group is same as the inventory group.
   ACTION: It is not recommended to have OSASM group same as inventory group. Select any of the group other than the inventory group to avoid incorrect configuration.
